2025-03-14 20:04:53,656 INFO o.a.j.u.JMeterUtils: Setting Locale to en_EN
2025-03-14 20:04:53,675 INFO o.a.j.JMeter: Loading user properties from: C:\Users\USER\Downloads\installer aplikasi\apache-jmeter-5.6.3\apache-jmeter-5.6.3\bin\user.properties
2025-03-14 20:04:53,676 INFO o.a.j.JMeter: Loading system properties from: C:\Users\USER\Downloads\installer aplikasi\apache-jmeter-5.6.3\apache-jmeter-5.6.3\bin\system.properties
2025-03-14 20:04:53,682 INFO o.a.j.JMeter: Copyright (c) 1998-2024 The Apache Software Foundation
2025-03-14 20:04:53,683 INFO o.a.j.JMeter: Version 5.6.3
2025-03-14 20:04:53,683 INFO o.a.j.JMeter: java.version=23.0.2
2025-03-14 20:04:53,683 INFO o.a.j.JMeter: java.vm.name=Java HotSpot(TM) 64-Bit Server VM
2025-03-14 20:04:53,683 INFO o.a.j.JMeter: os.name=Windows 11
2025-03-14 20:04:53,683 INFO o.a.j.JMeter: os.arch=amd64
2025-03-14 20:04:53,683 INFO o.a.j.JMeter: os.version=10.0
2025-03-14 20:04:53,683 INFO o.a.j.JMeter: file.encoding=UTF-8
2025-03-14 20:04:53,684 INFO o.a.j.JMeter: java.awt.headless=null
2025-03-14 20:04:53,684 INFO o.a.j.JMeter: Max memory     =1073741824
2025-03-14 20:04:53,684 INFO o.a.j.JMeter: Available Processors =4
2025-03-14 20:04:53,696 INFO o.a.j.JMeter: Default Locale=English (EN)
2025-03-14 20:04:53,697 INFO o.a.j.JMeter: JMeter  Locale=English (EN)
2025-03-14 20:04:53,697 INFO o.a.j.JMeter: JMeterHome=C:\Users\USER\Downloads\installer aplikasi\apache-jmeter-5.6.3\apache-jmeter-5.6.3
2025-03-14 20:04:53,697 INFO o.a.j.JMeter: user.dir  =C:\Users\USER\Documents\kuliah\Pemrograman Lanjut\exercise-profiling
2025-03-14 20:04:53,697 INFO o.a.j.JMeter: PWD       =C:\Users\USER\Documents\kuliah\Pemrograman Lanjut\exercise-profiling
2025-03-14 20:04:53,702 INFO o.a.j.JMeter: IP: 192.168.1.7 Name: DESKTOP-IHR86D7 FullName: DESKTOP-IHR86D7
2025-03-14 20:04:53,717 INFO o.a.j.JMeter: Loaded icon properties from org/apache/jmeter/images/icon.properties
2025-03-14 20:04:53,948 INFO o.a.j.JMeterGuiLauncher: Setting LAF to: com.github.weisj.darklaf.DarkLaf:com.github.weisj.darklaf.theme.DarculaTheme
2025-03-14 20:05:06,419 INFO o.a.j.s.FileServer: Default base='C:\Users\USER\Documents\kuliah\Pemrograman Lanjut\exercise-profiling'
2025-03-14 20:05:06,423 INFO o.a.j.g.a.Load: Loading file: C:\Users\USER\Documents\kuliah\Pemrograman Lanjut\exercise-profiling\data\test_plan_3.jmx
2025-03-14 20:05:06,423 INFO o.a.j.s.FileServer: Set new base='C:\Users\USER\Documents\kuliah\Pemrograman Lanjut\exercise-profiling\data'
2025-03-14 20:05:06,695 INFO o.a.j.s.SaveService: Testplan (JMX) version: 2.2. Testlog (JTL) version: 2.2
2025-03-14 20:05:06,732 INFO o.a.j.s.SaveService: Using SaveService properties version 5.0
2025-03-14 20:05:06,734 INFO o.a.j.s.SaveService: Using SaveService properties file encoding UTF-8
2025-03-14 20:05:06,736 INFO o.a.j.s.SaveService: Loading file: C:\Users\USER\Documents\kuliah\Pemrograman Lanjut\exercise-profiling\data\test_plan_3.jmx
2025-03-14 20:05:06,763 INFO o.a.j.p.h.s.HTTPSamplerBase: Parser for text/html is org.apache.jmeter.protocol.http.parser.LagartoBasedHtmlParser
2025-03-14 20:05:06,763 INFO o.a.j.p.h.s.HTTPSamplerBase: Parser for application/xhtml+xml is org.apache.jmeter.protocol.http.parser.LagartoBasedHtmlParser
2025-03-14 20:05:06,763 INFO o.a.j.p.h.s.HTTPSamplerBase: Parser for application/xml is org.apache.jmeter.protocol.http.parser.LagartoBasedHtmlParser
2025-03-14 20:05:06,763 INFO o.a.j.p.h.s.HTTPSamplerBase: Parser for text/xml is org.apache.jmeter.protocol.http.parser.LagartoBasedHtmlParser
2025-03-14 20:05:06,763 INFO o.a.j.p.h.s.HTTPSamplerBase: Parser for text/vnd.wap.wml is org.apache.jmeter.protocol.http.parser.RegexpHTMLParser
2025-03-14 20:05:06,763 INFO o.a.j.p.h.s.HTTPSamplerBase: Parser for text/css is org.apache.jmeter.protocol.http.parser.CssParser
2025-03-14 20:05:06,934 INFO o.a.j.s.SampleResult: Note: Sample TimeStamps are START times
2025-03-14 20:05:06,935 INFO o.a.j.s.SampleResult: sampleresult.default.encoding is set to UTF-8
2025-03-14 20:05:06,935 INFO o.a.j.s.SampleResult: sampleresult.useNanoTime=true
2025-03-14 20:05:06,935 INFO o.a.j.s.SampleResult: sampleresult.nanoThreadSleep=5000
2025-03-14 20:05:07,193 INFO o.a.j.s.FileServer: Set new base='C:\Users\USER\Documents\kuliah\Pemrograman Lanjut\exercise-profiling\data'
2025-03-14 20:05:11,413 INFO o.a.j.e.StandardJMeterEngine: Running the test!
2025-03-14 20:05:11,413 INFO o.a.j.s.SampleEvent: List of sample_variables: []
2025-03-14 20:05:11,413 INFO o.a.j.s.SampleEvent: List of sample_variables: []
2025-03-14 20:05:11,413 INFO o.a.j.e.u.CompoundVariable: Note: Function class names must contain the string: '.functions.'
2025-03-14 20:05:11,413 INFO o.a.j.e.u.CompoundVariable: Note: Function class names must not contain the string: '.gui.'
2025-03-14 20:05:11,469 INFO o.a.j.g.u.JMeterMenuBar: setRunning(true, *local*)
2025-03-14 20:05:11,516 INFO o.a.j.e.StandardJMeterEngine: Starting ThreadGroup: 1 : Thread Group 3
2025-03-14 20:05:11,518 INFO o.a.j.e.StandardJMeterEngine: Starting 10 threads for group Thread Group 3.
2025-03-14 20:05:11,518 INFO o.a.j.e.StandardJMeterEngine: Thread will continue on error
2025-03-14 20:05:11,518 INFO o.a.j.t.ThreadGroup: Starting thread group... number=1 threads=10 ramp-up=1 delayedStart=false
2025-03-14 20:05:11,521 INFO o.a.j.t.ThreadGroup: Started thread group number 1
2025-03-14 20:05:11,521 INFO o.a.j.e.StandardJMeterEngine: All thread groups have been started
2025-03-14 20:05:11,526 INFO o.a.j.t.JMeterThread: Thread started: Thread Group 3 1-1
2025-03-14 20:05:11,540 INFO o.a.j.p.h.s.HTTPHCAbstractImpl: Local host = DESKTOP-IHR86D7
2025-03-14 20:05:11,550 INFO o.a.j.p.h.s.HTTPHC4Impl: HTTP request retry count = 0
2025-03-14 20:05:11,623 INFO o.a.j.t.JMeterThread: Thread started: Thread Group 3 1-2
2025-03-14 20:05:11,723 INFO o.a.j.t.JMeterThread: Thread started: Thread Group 3 1-3
2025-03-14 20:05:11,823 INFO o.a.j.t.JMeterThread: Thread started: Thread Group 3 1-4
2025-03-14 20:05:11,923 INFO o.a.j.t.JMeterThread: Thread started: Thread Group 3 1-5
2025-03-14 20:05:12,023 INFO o.a.j.t.JMeterThread: Thread started: Thread Group 3 1-6
2025-03-14 20:05:12,123 INFO o.a.j.t.JMeterThread: Thread started: Thread Group 3 1-7
2025-03-14 20:05:12,225 INFO o.a.j.t.JMeterThread: Thread started: Thread Group 3 1-8
2025-03-14 20:05:12,324 INFO o.a.j.t.JMeterThread: Thread started: Thread Group 3 1-9
2025-03-14 20:05:12,383 INFO o.a.j.t.JMeterThread: Thread is done: Thread Group 3 1-2
2025-03-14 20:05:12,383 INFO o.a.j.t.JMeterThread: Thread finished: Thread Group 3 1-2
2025-03-14 20:05:12,383 INFO o.a.j.t.JMeterThread: Thread is done: Thread Group 3 1-9
2025-03-14 20:05:12,383 INFO o.a.j.t.JMeterThread: Thread finished: Thread Group 3 1-9
2025-03-14 20:05:12,383 INFO o.a.j.t.JMeterThread: Thread is done: Thread Group 3 1-1
2025-03-14 20:05:12,383 INFO o.a.j.t.JMeterThread: Thread finished: Thread Group 3 1-1
2025-03-14 20:05:12,384 INFO o.a.j.t.JMeterThread: Thread is done: Thread Group 3 1-5
2025-03-14 20:05:12,384 INFO o.a.j.t.JMeterThread: Thread finished: Thread Group 3 1-5
2025-03-14 20:05:12,384 INFO o.a.j.t.JMeterThread: Thread is done: Thread Group 3 1-6
2025-03-14 20:05:12,383 INFO o.a.j.t.JMeterThread: Thread is done: Thread Group 3 1-8
2025-03-14 20:05:12,384 INFO o.a.j.t.JMeterThread: Thread finished: Thread Group 3 1-6
2025-03-14 20:05:12,384 INFO o.a.j.t.JMeterThread: Thread finished: Thread Group 3 1-8
2025-03-14 20:05:12,384 INFO o.a.j.t.JMeterThread: Thread is done: Thread Group 3 1-4
2025-03-14 20:05:12,385 INFO o.a.j.t.JMeterThread: Thread finished: Thread Group 3 1-4
2025-03-14 20:05:12,385 INFO o.a.j.t.JMeterThread: Thread is done: Thread Group 3 1-7
2025-03-14 20:05:12,385 INFO o.a.j.t.JMeterThread: Thread finished: Thread Group 3 1-7
2025-03-14 20:05:12,385 INFO o.a.j.t.JMeterThread: Thread is done: Thread Group 3 1-3
2025-03-14 20:05:12,385 INFO o.a.j.t.JMeterThread: Thread finished: Thread Group 3 1-3
2025-03-14 20:05:12,424 INFO o.a.j.t.JMeterThread: Thread started: Thread Group 3 1-10
2025-03-14 20:05:12,440 INFO o.a.j.t.JMeterThread: Thread is done: Thread Group 3 1-10
2025-03-14 20:05:12,440 INFO o.a.j.t.JMeterThread: Thread finished: Thread Group 3 1-10
2025-03-14 20:05:12,440 INFO o.a.j.e.StandardJMeterEngine: Notifying test listeners of end of test
2025-03-14 20:05:12,440 INFO o.a.j.g.u.JMeterMenuBar: setRunning(false, *local*)
2025-03-14 20:05:20,496 INFO o.a.j.e.StandardJMeterEngine: Running the test!
2025-03-14 20:05:20,496 INFO o.a.j.s.SampleEvent: List of sample_variables: []
2025-03-14 20:05:20,496 INFO o.a.j.g.u.JMeterMenuBar: setRunning(true, *local*)
2025-03-14 20:05:20,527 INFO o.a.j.e.StandardJMeterEngine: Starting ThreadGroup: 1 : Thread Group 3
2025-03-14 20:05:20,527 INFO o.a.j.e.StandardJMeterEngine: Starting 10 threads for group Thread Group 3.
2025-03-14 20:05:20,527 INFO o.a.j.e.StandardJMeterEngine: Thread will continue on error
2025-03-14 20:05:20,531 INFO o.a.j.t.ThreadGroup: Starting thread group... number=1 threads=10 ramp-up=1 delayedStart=false
2025-03-14 20:05:20,534 INFO o.a.j.t.ThreadGroup: Started thread group number 1
2025-03-14 20:05:20,534 INFO o.a.j.e.StandardJMeterEngine: All thread groups have been started
2025-03-14 20:05:20,535 INFO o.a.j.t.JMeterThread: Thread started: Thread Group 3 1-1
2025-03-14 20:05:20,549 INFO o.a.j.t.JMeterThread: Thread is done: Thread Group 3 1-1
2025-03-14 20:05:20,549 INFO o.a.j.t.JMeterThread: Thread finished: Thread Group 3 1-1
2025-03-14 20:05:20,641 INFO o.a.j.t.JMeterThread: Thread started: Thread Group 3 1-2
2025-03-14 20:05:20,660 INFO o.a.j.t.JMeterThread: Thread is done: Thread Group 3 1-2
2025-03-14 20:05:20,660 INFO o.a.j.t.JMeterThread: Thread finished: Thread Group 3 1-2
2025-03-14 20:05:20,735 INFO o.a.j.t.JMeterThread: Thread started: Thread Group 3 1-3
2025-03-14 20:05:20,751 INFO o.a.j.t.JMeterThread: Thread is done: Thread Group 3 1-3
2025-03-14 20:05:20,751 INFO o.a.j.t.JMeterThread: Thread finished: Thread Group 3 1-3
2025-03-14 20:05:20,845 INFO o.a.j.t.JMeterThread: Thread started: Thread Group 3 1-4
2025-03-14 20:05:20,859 INFO o.a.j.t.JMeterThread: Thread is done: Thread Group 3 1-4
2025-03-14 20:05:20,859 INFO o.a.j.t.JMeterThread: Thread finished: Thread Group 3 1-4
2025-03-14 20:05:20,939 INFO o.a.j.t.JMeterThread: Thread started: Thread Group 3 1-5
2025-03-14 20:05:20,956 INFO o.a.j.t.JMeterThread: Thread is done: Thread Group 3 1-5
2025-03-14 20:05:20,956 INFO o.a.j.t.JMeterThread: Thread finished: Thread Group 3 1-5
2025-03-14 20:05:21,034 INFO o.a.j.t.JMeterThread: Thread started: Thread Group 3 1-6
2025-03-14 20:05:21,050 INFO o.a.j.t.JMeterThread: Thread is done: Thread Group 3 1-6
2025-03-14 20:05:21,050 INFO o.a.j.t.JMeterThread: Thread finished: Thread Group 3 1-6
2025-03-14 20:05:21,135 INFO o.a.j.t.JMeterThread: Thread started: Thread Group 3 1-7
2025-03-14 20:05:21,152 INFO o.a.j.t.JMeterThread: Thread is done: Thread Group 3 1-7
2025-03-14 20:05:21,152 INFO o.a.j.t.JMeterThread: Thread finished: Thread Group 3 1-7
2025-03-14 20:05:21,235 INFO o.a.j.t.JMeterThread: Thread started: Thread Group 3 1-8
2025-03-14 20:05:21,252 INFO o.a.j.t.JMeterThread: Thread is done: Thread Group 3 1-8
2025-03-14 20:05:21,253 INFO o.a.j.t.JMeterThread: Thread finished: Thread Group 3 1-8
2025-03-14 20:05:21,337 INFO o.a.j.t.JMeterThread: Thread started: Thread Group 3 1-9
2025-03-14 20:05:21,352 INFO o.a.j.t.JMeterThread: Thread is done: Thread Group 3 1-9
2025-03-14 20:05:21,353 INFO o.a.j.t.JMeterThread: Thread finished: Thread Group 3 1-9
2025-03-14 20:05:21,435 INFO o.a.j.t.JMeterThread: Thread started: Thread Group 3 1-10
2025-03-14 20:05:21,445 INFO o.a.j.t.JMeterThread: Thread is done: Thread Group 3 1-10
2025-03-14 20:05:21,445 INFO o.a.j.t.JMeterThread: Thread finished: Thread Group 3 1-10
2025-03-14 20:05:21,445 INFO o.a.j.e.StandardJMeterEngine: Notifying test listeners of end of test
2025-03-14 20:05:21,445 INFO o.a.j.g.u.JMeterMenuBar: setRunning(false, *local*)
2025-03-14 20:05:33,510 INFO o.a.j.e.StandardJMeterEngine: Running the test!
2025-03-14 20:05:33,510 INFO o.a.j.s.SampleEvent: List of sample_variables: []
2025-03-14 20:05:33,510 INFO o.a.j.g.u.JMeterMenuBar: setRunning(true, *local*)
2025-03-14 20:05:33,543 INFO o.a.j.e.StandardJMeterEngine: Starting ThreadGroup: 1 : Thread Group 3
2025-03-14 20:05:33,543 INFO o.a.j.e.StandardJMeterEngine: Starting 10 threads for group Thread Group 3.
2025-03-14 20:05:33,543 INFO o.a.j.e.StandardJMeterEngine: Thread will continue on error
2025-03-14 20:05:33,544 INFO o.a.j.t.ThreadGroup: Starting thread group... number=1 threads=10 ramp-up=1 delayedStart=false
2025-03-14 20:05:33,544 INFO o.a.j.t.ThreadGroup: Started thread group number 1
2025-03-14 20:05:33,544 INFO o.a.j.e.StandardJMeterEngine: All thread groups have been started
2025-03-14 20:05:33,544 INFO o.a.j.t.JMeterThread: Thread started: Thread Group 3 1-1
2025-03-14 20:05:33,559 INFO o.a.j.t.JMeterThread: Thread is done: Thread Group 3 1-1
2025-03-14 20:05:33,559 INFO o.a.j.t.JMeterThread: Thread finished: Thread Group 3 1-1
2025-03-14 20:05:33,659 INFO o.a.j.t.JMeterThread: Thread started: Thread Group 3 1-2
2025-03-14 20:05:33,675 INFO o.a.j.t.JMeterThread: Thread is done: Thread Group 3 1-2
2025-03-14 20:05:33,675 INFO o.a.j.t.JMeterThread: Thread finished: Thread Group 3 1-2
2025-03-14 20:05:33,750 INFO o.a.j.t.JMeterThread: Thread started: Thread Group 3 1-3
2025-03-14 20:05:33,759 INFO o.a.j.t.JMeterThread: Thread is done: Thread Group 3 1-3
2025-03-14 20:05:33,759 INFO o.a.j.t.JMeterThread: Thread finished: Thread Group 3 1-3
2025-03-14 20:05:33,858 INFO o.a.j.t.JMeterThread: Thread started: Thread Group 3 1-4
2025-03-14 20:05:33,871 INFO o.a.j.t.JMeterThread: Thread is done: Thread Group 3 1-4
2025-03-14 20:05:33,871 INFO o.a.j.t.JMeterThread: Thread finished: Thread Group 3 1-4
2025-03-14 20:05:33,960 INFO o.a.j.t.JMeterThread: Thread started: Thread Group 3 1-5
2025-03-14 20:05:33,971 INFO o.a.j.t.JMeterThread: Thread is done: Thread Group 3 1-5
2025-03-14 20:05:33,971 INFO o.a.j.t.JMeterThread: Thread finished: Thread Group 3 1-5
2025-03-14 20:05:34,052 INFO o.a.j.t.JMeterThread: Thread started: Thread Group 3 1-6
2025-03-14 20:05:34,068 INFO o.a.j.t.JMeterThread: Thread is done: Thread Group 3 1-6
2025-03-14 20:05:34,069 INFO o.a.j.t.JMeterThread: Thread finished: Thread Group 3 1-6
2025-03-14 20:05:34,158 INFO o.a.j.t.JMeterThread: Thread started: Thread Group 3 1-7
2025-03-14 20:05:34,171 INFO o.a.j.t.JMeterThread: Thread is done: Thread Group 3 1-7
2025-03-14 20:05:34,171 INFO o.a.j.t.JMeterThread: Thread finished: Thread Group 3 1-7
2025-03-14 20:05:34,259 INFO o.a.j.t.JMeterThread: Thread started: Thread Group 3 1-8
2025-03-14 20:05:34,270 INFO o.a.j.t.JMeterThread: Thread is done: Thread Group 3 1-8
2025-03-14 20:05:34,270 INFO o.a.j.t.JMeterThread: Thread finished: Thread Group 3 1-8
2025-03-14 20:05:34,354 INFO o.a.j.t.JMeterThread: Thread started: Thread Group 3 1-9
2025-03-14 20:05:34,371 INFO o.a.j.t.JMeterThread: Thread is done: Thread Group 3 1-9
2025-03-14 20:05:34,371 INFO o.a.j.t.JMeterThread: Thread finished: Thread Group 3 1-9
2025-03-14 20:05:34,454 INFO o.a.j.t.JMeterThread: Thread started: Thread Group 3 1-10
2025-03-14 20:05:34,463 INFO o.a.j.t.JMeterThread: Thread is done: Thread Group 3 1-10
2025-03-14 20:05:34,463 INFO o.a.j.t.JMeterThread: Thread finished: Thread Group 3 1-10
2025-03-14 20:05:34,471 INFO o.a.j.e.StandardJMeterEngine: Notifying test listeners of end of test
2025-03-14 20:05:34,471 INFO o.a.j.g.u.JMeterMenuBar: setRunning(false, *local*)
