2025-03-14 19:05:42,005 INFO o.a.j.u.JMeterUtils: Setting Locale to en_EN
2025-03-14 19:05:42,025 INFO o.a.j.JMeter: Loading user properties from: C:\Users\USER\Downloads\installer aplikasi\apache-jmeter-5.6.3\apache-jmeter-5.6.3\bin\user.properties
2025-03-14 19:05:42,025 INFO o.a.j.JMeter: Loading system properties from: C:\Users\USER\Downloads\installer aplikasi\apache-jmeter-5.6.3\apache-jmeter-5.6.3\bin\system.properties
2025-03-14 19:05:42,032 INFO o.a.j.JMeter: Copyright (c) 1998-2024 The Apache Software Foundation
2025-03-14 19:05:42,032 INFO o.a.j.JMeter: Version 5.6.3
2025-03-14 19:05:42,032 INFO o.a.j.JMeter: java.version=23.0.2
2025-03-14 19:05:42,033 INFO o.a.j.JMeter: java.vm.name=Java HotSpot(TM) 64-Bit Server VM
2025-03-14 19:05:42,033 INFO o.a.j.JMeter: os.name=Windows 11
2025-03-14 19:05:42,033 INFO o.a.j.JMeter: os.arch=amd64
2025-03-14 19:05:42,033 INFO o.a.j.JMeter: os.version=10.0
2025-03-14 19:05:42,033 INFO o.a.j.JMeter: file.encoding=UTF-8
2025-03-14 19:05:42,033 INFO o.a.j.JMeter: java.awt.headless=true
2025-03-14 19:05:42,033 INFO o.a.j.JMeter: Max memory     =1073741824
2025-03-14 19:05:42,034 INFO o.a.j.JMeter: Available Processors =4
2025-03-14 19:05:42,048 INFO o.a.j.JMeter: Default Locale=English (EN)
2025-03-14 19:05:42,049 INFO o.a.j.JMeter: JMeter  Locale=English (EN)
2025-03-14 19:05:42,049 INFO o.a.j.JMeter: JMeterHome=C:\Users\USER\Downloads\installer aplikasi\apache-jmeter-5.6.3\apache-jmeter-5.6.3
2025-03-14 19:05:42,050 INFO o.a.j.JMeter: user.dir  =C:\Users\USER\Documents\kuliah\Pemrograman Lanjut\exercise-profiling\data
2025-03-14 19:05:42,050 INFO o.a.j.JMeter: PWD       =C:\Users\USER\Documents\kuliah\Pemrograman Lanjut\exercise-profiling\data
2025-03-14 19:05:42,051 INFO o.a.j.JMeter: IP: 192.168.1.7 Name: DESKTOP-IHR86D7 FullName: DESKTOP-IHR86D7
2025-03-14 19:05:42,065 INFO o.a.j.s.FileServer: Default base='C:\Users\USER\Documents\kuliah\Pemrograman Lanjut\exercise-profiling\data'
2025-03-14 19:05:42,067 INFO o.a.j.s.FileServer: Set new base='C:\Users\USER\Documents\kuliah\Pemrograman Lanjut\exercise-profiling\data'
2025-03-14 19:05:42,348 INFO o.a.j.s.SaveService: Testplan (JMX) version: 2.2. Testlog (JTL) version: 2.2
2025-03-14 19:05:42,381 INFO o.a.j.s.SaveService: Using SaveService properties version 5.0
2025-03-14 19:05:42,385 INFO o.a.j.s.SaveService: Using SaveService properties file encoding UTF-8
2025-03-14 19:05:42,388 INFO o.a.j.s.SaveService: Loading file: test_plan_3.jmx
2025-03-14 19:05:42,443 INFO o.a.j.p.h.s.HTTPSamplerBase: Parser for text/html is org.apache.jmeter.protocol.http.parser.LagartoBasedHtmlParser
2025-03-14 19:05:42,443 INFO o.a.j.p.h.s.HTTPSamplerBase: Parser for application/xhtml+xml is org.apache.jmeter.protocol.http.parser.LagartoBasedHtmlParser
2025-03-14 19:05:42,443 INFO o.a.j.p.h.s.HTTPSamplerBase: Parser for application/xml is org.apache.jmeter.protocol.http.parser.LagartoBasedHtmlParser
2025-03-14 19:05:42,444 INFO o.a.j.p.h.s.HTTPSamplerBase: Parser for text/xml is org.apache.jmeter.protocol.http.parser.LagartoBasedHtmlParser
2025-03-14 19:05:42,444 INFO o.a.j.p.h.s.HTTPSamplerBase: Parser for text/vnd.wap.wml is org.apache.jmeter.protocol.http.parser.RegexpHTMLParser
2025-03-14 19:05:42,444 INFO o.a.j.p.h.s.HTTPSamplerBase: Parser for text/css is org.apache.jmeter.protocol.http.parser.CssParser
2025-03-14 19:05:42,476 INFO o.a.j.JMeter: Creating summariser <summary>
2025-03-14 19:05:42,495 INFO o.a.j.e.StandardJMeterEngine: Running the test!
2025-03-14 19:05:42,495 INFO o.a.j.s.SampleEvent: List of sample_variables: []
2025-03-14 19:05:42,496 INFO o.a.j.s.SampleEvent: List of sample_variables: []
2025-03-14 19:05:42,503 INFO o.a.j.e.u.CompoundVariable: Note: Function class names must contain the string: '.functions.'
2025-03-14 19:05:42,503 INFO o.a.j.e.u.CompoundVariable: Note: Function class names must not contain the string: '.gui.'
2025-03-14 19:05:42,605 INFO o.a.j.JMeter: Running test (1741953942605)
2025-03-14 19:05:42,632 INFO o.a.j.e.StandardJMeterEngine: Starting ThreadGroup: 1 : Thread Group 3
2025-03-14 19:05:42,632 INFO o.a.j.e.StandardJMeterEngine: Starting 10 threads for group Thread Group 3.
2025-03-14 19:05:42,632 INFO o.a.j.e.StandardJMeterEngine: Thread will continue on error
2025-03-14 19:05:42,632 INFO o.a.j.t.ThreadGroup: Starting thread group... number=1 threads=10 ramp-up=1 delayedStart=false
2025-03-14 19:05:42,640 INFO o.a.j.t.ThreadGroup: Started thread group number 1
2025-03-14 19:05:42,641 INFO o.a.j.e.StandardJMeterEngine: All thread groups have been started
2025-03-14 19:05:42,641 INFO o.a.j.t.JMeterThread: Thread started: Thread Group 3 1-1
2025-03-14 19:05:42,658 INFO o.a.j.p.h.s.HTTPHCAbstractImpl: Local host = DESKTOP-IHR86D7
2025-03-14 19:05:42,666 INFO o.a.j.p.h.s.HTTPHC4Impl: HTTP request retry count = 0
2025-03-14 19:05:42,668 INFO o.a.j.s.SampleResult: Note: Sample TimeStamps are START times
2025-03-14 19:05:42,668 INFO o.a.j.s.SampleResult: sampleresult.default.encoding is set to UTF-8
2025-03-14 19:05:42,668 INFO o.a.j.s.SampleResult: sampleresult.useNanoTime=true
2025-03-14 19:05:42,669 INFO o.a.j.s.SampleResult: sampleresult.nanoThreadSleep=5000
2025-03-14 19:05:42,742 INFO o.a.j.t.JMeterThread: Thread started: Thread Group 3 1-2
2025-03-14 19:05:42,824 INFO o.a.j.t.JMeterThread: Thread is done: Thread Group 3 1-1
2025-03-14 19:05:42,824 INFO o.a.j.t.JMeterThread: Thread is done: Thread Group 3 1-2
2025-03-14 19:05:42,824 INFO o.a.j.t.JMeterThread: Thread finished: Thread Group 3 1-1
2025-03-14 19:05:42,824 INFO o.a.j.t.JMeterThread: Thread finished: Thread Group 3 1-2
2025-03-14 19:05:42,842 INFO o.a.j.t.JMeterThread: Thread started: Thread Group 3 1-3
2025-03-14 19:05:42,916 INFO o.a.j.t.JMeterThread: Thread is done: Thread Group 3 1-3
2025-03-14 19:05:42,916 INFO o.a.j.t.JMeterThread: Thread finished: Thread Group 3 1-3
2025-03-14 19:05:42,941 INFO o.a.j.t.JMeterThread: Thread started: Thread Group 3 1-4
2025-03-14 19:05:42,996 INFO o.a.j.t.JMeterThread: Thread is done: Thread Group 3 1-4
2025-03-14 19:05:42,996 INFO o.a.j.t.JMeterThread: Thread finished: Thread Group 3 1-4
2025-03-14 19:05:43,041 INFO o.a.j.t.JMeterThread: Thread started: Thread Group 3 1-5
2025-03-14 19:05:43,106 INFO o.a.j.t.JMeterThread: Thread is done: Thread Group 3 1-5
2025-03-14 19:05:43,107 INFO o.a.j.t.JMeterThread: Thread finished: Thread Group 3 1-5
2025-03-14 19:05:43,140 INFO o.a.j.t.JMeterThread: Thread started: Thread Group 3 1-6
2025-03-14 19:05:43,201 INFO o.a.j.t.JMeterThread: Thread is done: Thread Group 3 1-6
2025-03-14 19:05:43,201 INFO o.a.j.t.JMeterThread: Thread finished: Thread Group 3 1-6
2025-03-14 19:05:43,240 INFO o.a.j.t.JMeterThread: Thread started: Thread Group 3 1-7
2025-03-14 19:05:43,306 INFO o.a.j.t.JMeterThread: Thread is done: Thread Group 3 1-7
2025-03-14 19:05:43,306 INFO o.a.j.t.JMeterThread: Thread finished: Thread Group 3 1-7
2025-03-14 19:05:43,340 INFO o.a.j.t.JMeterThread: Thread started: Thread Group 3 1-8
2025-03-14 19:05:43,399 INFO o.a.j.t.JMeterThread: Thread is done: Thread Group 3 1-8
2025-03-14 19:05:43,399 INFO o.a.j.t.JMeterThread: Thread finished: Thread Group 3 1-8
2025-03-14 19:05:43,440 INFO o.a.j.t.JMeterThread: Thread started: Thread Group 3 1-9
2025-03-14 19:05:43,493 INFO o.a.j.t.JMeterThread: Thread is done: Thread Group 3 1-9
2025-03-14 19:05:43,493 INFO o.a.j.t.JMeterThread: Thread finished: Thread Group 3 1-9
2025-03-14 19:05:43,538 INFO o.a.j.t.JMeterThread: Thread started: Thread Group 3 1-10
2025-03-14 19:05:43,598 INFO o.a.j.t.JMeterThread: Thread is done: Thread Group 3 1-10
2025-03-14 19:05:43,599 INFO o.a.j.t.JMeterThread: Thread finished: Thread Group 3 1-10
2025-03-14 19:05:43,599 INFO o.a.j.e.StandardJMeterEngine: Notifying test listeners of end of test
2025-03-14 19:05:43,602 INFO o.a.j.r.Summariser: summary =     10 in 00:00:01 =   10.0/s Avg:    63 Min:    52 Max:    81 Err:     0 (0.00%)
